<?xml version="1.0" encoding="UTF-8"?>
<testng-results ignored="0" total="1" passed="1" failed="0" skipped="0">
  <reporter-output>
  </reporter-output>
  <suite started-at="2022-09-26T23:49:33 EDT" name="Default suite" finished-at="2022-09-26T23:49:55 EDT" duration-ms="21348">
    <groups>
      <group name="cucumber">
        <method signature="AbstractTestNGCucumberTests.runScenario(io.cucumber.testng.PickleWrapper,io.cucumber.testng.FeatureWrapper)[pri:0, instance:com.lms.testrunners.TestRunner@6df3e44c]" name="runScenario" class="io.cucumber.testng.AbstractTestNGCucumberTests"/>
      </group> <!-- cucumber -->
    </groups>
    <test started-at="2022-09-26T23:49:33 EDT" name="Default test" finished-at="2022-09-26T23:49:55 EDT" duration-ms="21348">
      <class name="com.lms.testrunners.TestRunner">
        <test-method is-config="true" signature="defineBrowser(java.lang.String)[pri:0, instance:com.lms.testrunners.TestRunner@6df3e44c]" started-at="2022-09-26T23:49:33 EDT" name="defineBrowser" finished-at="2022-09-26T23:49:33 EDT" duration-ms="60" status="PASS">
          <params>
            <param index="0">
              <value>
                <![CDATA[chrome]]>
              </value>
            </param>
          </params>
          <reporter-output>
          </reporter-output>
        </test-method> <!-- defineBrowser -->
        <test-method is-config="true" signature="setUpClass(org.testng.ITestContext)[pri:0, instance:com.lms.testrunners.TestRunner@6df3e44c]" started-at="2022-09-26T23:49:33 EDT" name="setUpClass" finished-at="2022-09-26T23:49:35 EDT" duration-ms="1651" status="PASS">
          <params>
            <param index="0">
              <value>
                <![CDATA[org.testng.TestRunner@5295a774]]>
              </value>
            </param>
          </params>
          <reporter-output>
          </reporter-output>
        </test-method> <!-- setUpClass -->
        <test-method signature="runScenario(io.cucumber.testng.PickleWrapper,io.cucumber.testng.FeatureWrapper)[pri:0, instance:com.lms.testrunners.TestRunner@6df3e44c]" started-at="2022-09-26T23:49:35 EDT" name="runScenario" description="Runs Cucumber Scenarios" data-provider="scenarios" finished-at="2022-09-26T23:49:53 EDT" duration-ms="17983" status="PASS">
          <params>
            <param index="0">
              <value>
                <![CDATA["Enter batch details and click Save"]]>
              </value>
            </param>
            <param index="1">
              <value>
                <![CDATA["LMS Batch Page Feature"]]>
              </value>
            </param>
          </params>
          <reporter-output>
          </reporter-output>
        </test-method> <!-- runScenario -->
        <test-method is-config="true" signature="tearDownClass()[pri:0, instance:com.lms.testrunners.TestRunner@6df3e44c]" started-at="2022-09-26T23:49:53 EDT" name="tearDownClass" finished-at="2022-09-26T23:49:55 EDT" duration-ms="1539" status="PASS">
          <reporter-output>
          </reporter-output>
        </test-method> <!-- tearDownClass -->
      </class> <!-- com.lms.testrunners.TestRunner -->
    </test> <!-- Default test -->
  </suite> <!-- Default suite -->
</testng-results>
